[2026-06-05 15:10:40] [image_collector] fetching: Fetching 3 image(s) in parallel...
  Details:
  {
    "count": 3
  }
[2026-06-05 15:10:43] [image_collector] saved: Saved image for item 1: images/20260605-151000/1.png
  Details:
  {
    "path": "images/20260605-151000/1.png"
  }
[2026-06-05 15:10:43] [image_collector] saved: Saved image for item 2: images/20260605-151000/2.png
  Details:
  {
    "path": "images/20260605-151000/2.png"
  }
[2026-06-05 15:10:43] [image_collector] saved: Saved image for item 3: images/20260605-151000/3.png
  Details:
  {
    "path": "images/20260605-151000/3.png"
  }
[2026-06-05 15:10:43] [composer] starting: Category=ai_capability, audience=AI team at UnionBank, tone=professional, concise, practical, sections=3.
  Details:
  {
    "category": "ai_capability",
    "audience": "AI team at UnionBank",
    "tone": "professional, concise, practical",
    "num_items": 3
  }
[2026-06-05 15:10:47] [composer] finished: Draft length: 1123 chars, ~139 words.
  Details:
  {
    "char_count": 1123,
    "word_count": 139
  }
[2026-06-05 15:10:47] [standardizer] starting: Normalizing length (max 500 words) and structure.
  Details:
  {
    "target_max_words": 500,
    "target_words_per_item": 80
  }
[2026-06-05 15:10:52] [standardizer] finished: Words: 139 -> 139. Changes: ['Cut filler openers', 'Cut redundant qualifiers', 'Tightened wordy phrases']
  Details:
  {
    "word_count_before": 139,
    "word_count_after": 139,
    "changes_applied": [
      "Cut filler openers",
      "Cut redundant qualifiers",
      "Tightened wordy phrases"
    ]
  }
