[2026-06-11 15:22:33] [image_collector] fetching: Fetching 3 image(s) in parallel...
  Details:
  {
    "count": 3
  }
[2026-06-11 15:22:35] [image_collector] saved: Saved image for item 2: images/20260611-152117/2.jpg
  Details:
  {
    "path": "images/20260611-152117/2.jpg"
  }
[2026-06-11 15:22:35] [image_collector] saved: Saved image for item 3: images/20260611-152117/3.png
  Details:
  {
    "path": "images/20260611-152117/3.png"
  }
[2026-06-11 15:22:35] [image_collector] saved: Saved image for item 1: images/20260611-152117/1.png
  Details:
  {
    "path": "images/20260611-152117/1.png"
  }
[2026-06-11 15:22:35] [composer] starting: Category=ai_innovation, audience=Data Scientists and AI teams at UnionBank, tone=professional, concise, practical, sections=3.
  Details:
  {
    "category": "ai_innovation",
    "audience": "Data Scientists and AI teams at UnionBank",
    "tone": "professional, concise, practical",
    "num_items": 3
  }
[2026-06-11 15:22:40] [composer] finished: Draft length: 1216 chars, ~131 words.
  Details:
  {
    "char_count": 1216,
    "word_count": 131
  }
[2026-06-11 15:22:40] [standardizer] starting: Normalizing length (max 500 words) and structure.
  Details:
  {
    "target_max_words": 500,
    "target_words_per_item": 80
  }
[2026-06-11 15:22:47] [standardizer] finished: Words: 131 -> 131. Changes: ['Cut filler openers', 'Cut redundant qualifiers', 'Tightened wordy phrases']
  Details:
  {
    "word_count_before": 131,
    "word_count_after": 131,
    "changes_applied": [
      "Cut filler openers",
      "Cut redundant qualifiers",
      "Tightened wordy phrases"
    ]
  }
